<?xml version="1.0" encoding="UTF-8"?>
<!-- Generated by org.testng.reporters.JUnitReportReporter -->
<testsuite hostname="SULTANA" name="StatusUpdate.NewTest" tests="1" failures="0" timestamp="13 Aug 2016 17:07:49 GMT" time="69.082" errors="0">
  <testcase name="f" time="69.082" classname="StatusUpdate.NewTest"/>
</testsuite> <!-- StatusUpdate.NewTest -->
